------------------------------------------------
交易故障分析：
问题/异常点内容：故障交易中攻击者通过路由合约进行多步骤代币兑换和流动性操作，最终导致大量SUSHI代币被转入治理地址，且交易中涉及异常的流动性池同步及代币销毁/铸造操作，造成资金异常流动。

原因分析：攻击者利用路由合约（0xe11fc0...df50）的漏洞，结合多个流动性池（如WBTC/WETH、SUSHI/ETH）进行套利。具体可能原因如下：

1. **流动性池价格操纵**：攻击者通过移除流动性（销毁LP代币）获取大量WBTC和SUSHI，随后在低流动性池中执行大额兑换，利用滑点控制获取超额WETH。例如，在交易0x90fb中，WBTC/WETH池的兑换比例异常，导致344.57 WBTC兑换为82,949 ETH，远高于市场价格。

2. **代币合约权限漏洞**：路由合约未严格校验调用者权限，允许攻击者通过DELEGATECALL（如0x798d1b...601c3的代理调用）绕过权限检查，直接操作代币转账。部分LP代币合约（如0x9a1386...f35e3）的铸造/销毁函数未设置访问控制，导致攻击者可随意增发代币。

3. **闪电贷组合攻击**：攻击者在单笔交易中组合调用多个流动性池的Swap和Sync操作，利用闪电贷放大资金量。例如，通过质押合约（0x795065...1fb0）循环借贷WETH，进一步操纵SUSHI/ETH池的储备量，最终实现套利。

4. **路由合约逻辑缺陷**：路由合约在处理多路径兑换时，未正确验证交易对储备量变化。攻击者通过连续触发Sync事件（更新流动性池参数），使合约误判池内代币余额，从而完成非等价兑换。

---

**trace调用链**：
0x51841d9...03528 → 0xe11fc0...df50（路由合约） → 0x9a1386...f35e3（WBTC/SUSHI LP） → 0xceff51...3a58（WBTC/WETH池） → 0xf41e35...8724（SUSHI/ETH池） → 0x795065...1fb0（质押合约） → 0x879824...4272（SushiSwap治理地址）
------------------------------------------------
向量库匹配结果：
{'ids': [['SushiSwap.sol-SushiRoll.sol', 'SushiSwap.sol-SushiMaker.sol', 'MonoX.sol-Monoswap.sol', 'MonoX.sol-IERC1155.sol', 'SushiSwap.sol-UniswapV2ERC20.sol', 'Cover Protocol.sol-COVER.sol', 'Nmbplatform.sol-SafeERC20.sol', 'Rikkei Finance.sol-InterestRateModel.sol', 'Saddle Finance.sol-ISwap.sol', 'Li.Fi.sol-LibAsset.sol', 'Alchemix.sol-Math.sol', 'Alchemix.sol-Context.sol', 'MonoX.sol-IMonoXPool.sol', 'SushiSwap.sol-IERC20.sol', 'Li.Fi.sol-SafeERC20.sol', 'SushiSwap.sol-MasterChef.sol', 'Qubit Finance.sol-QBridgeToken.sol', 'Alchemix.sol-IWETH9.sol', 'SushiSwap.sol-Math.sol', 'Punk Protocol-2.sol-ModelInterface.sol', 'Alchemix.sol-ITransmuter.sol', 'Uranium Finance-2.sol-Math.sol', 'Beanstalk.sol-Decimal.sol', 'Alchemix.sol-Address.sol', 'Uranium Finance-4.sol-IUraniumFactory.sol', 'Uranium Finance-5.sol-Math.sol', 'SushiSwap.sol-UniswapV2Factory.sol', 'Beanstalk.sol-LibIncentive.sol', 'SushiSwap.sol-IUniswapV2Router02.sol', 'Uranium Finance-1.sol-SafeMath.sol', 'CreamFinance-1.sol-CarefulMath.sol', 'Punk Protocol-2.sol-SafeMath.sol', 'SushiSwap.sol-Address.sol', 'Li.Fi.sol-AnyswapFacet.sol', 'Visor Finance.sol-vVISR.sol', 'SushiSwap.sol-BoringERC20.sol', 'MonoX.sol-IERC1155Receiver.sol', 'Saddle Finance.sol-MathUtils.sol', 'Formation.Fi.sol-Math.sol', 'MonoX.sol-MonoXLibrary.sol']], 'distances': [[0.2357194423675537, 0.24223744869232178, 0.2812533378601074, 0.291073203086853, 0.2933410406112671, 0.2995268702507019, 0.30097323656082153, 0.30132216215133667, 0.30245131254196167, 0.30708885192871094, 0.3082875609397888, 0.3105235695838928, 0.3112487196922302, 0.3126657009124756, 0.31693464517593384, 0.32360726594924927, 0.3238134980201721, 0.32562392950057983, 0.32577866315841675, 0.32659488916397095, 0.32768958806991577, 0.32837116718292236, 0.32934755086898804, 0.3296968936920166, 0.3317011754674829, 0.33420215427291644, 0.33466416597366333, 0.33569759130477905, 0.337482213973999, 0.3377126455307007, 0.3386324644088745, 0.3386354446411133, 0.3387109041213989, 0.33980101346969604, 0.3403491143478322, 0.3405504822731018, 0.3414040207862854, 0.3428974151611328, 0.3442518711090088, 0.348055362701416]], 'embeddings': None, 'metadatas': None, 'documents': [['该智能合约名为SushiRoll，核心功能是帮助用户将Uniswap V2的流动性池（LP）代币迁移至SushiSwap。合约通过移除用户在Uniswap的流动性，并将代币重新注入SushiSwap的新流动性池中，完成LP代币的转换。迁移过程支持两种方式：带许可签名（permit）的授权迁移和常规授权迁移。合约关键点包括：1. 移除旧路由器的流动性时，需满足最小代币数量（amountAMin/amountBMin）和截止时间（deadline）；2. 添加流动性到新路由器时，自动计算最优代币比例，确保符合SushiSwap池的储备要求；3. 迁移后剩余代币会返还用户。合约通过UniswapV2Library进行地址排序、储备量查询等操作，并采用CREATE2方式计算旧路由器的Pair合约地址，避免外部调用。\n\n函数列表：\n1. 构造函数：初始化新旧路由器的地址（oldRouter和router）\n2. migrateWithPermit：通过许可签名授权后执行迁移，参数包含tokenA/B、流动性数量、最小代币量、截止时间及签名v/r/s\n3. migrate：核心迁移函数，处理流动性移除、添加及剩余代币返还\n4. removeLiquidity（internal）：从旧路由器移除流动性，返回实际获得的代币数量\n5. pairForOldRouter（internal view）：计算旧路由器中指定代币对的Pair合约地址\n6. addLiquidity（internal）：向新路由器添加流动性并铸造LP代币给用户\n7. _addLiquidity（internal）：计算添加流动性的最优代币量，必要时创建新Pair合约', '总结：该智能合约名为SushiMaker，核心功能是通过兑换流动性池中的代币为SUSHI代币，并将收益分配给xSushi持有者。合约通过销毁Uniswap V2 LP代币获取基础代币，再经过多步兑换逻辑将代币转换为SUSHI并发送至SushiBar合约。合约采用桥接代币机制处理非直接兑换路径，仅允许外部账户（EOA）调用关键函数以防止闪电贷攻击。主要流程包括获取LP代币、销毁LP代币获得基础资产、根据代币类型选择兑换路径（包括直接处理SUSHI/WETH、桥接代币兑换等），最终通过Uniswap V2交易对完成兑换。合约包含权限管理功能，仅允许所有者设置桥接代币地址。\n\n函数列表：\n1. bridgeFor(address token)：查询指定代币的桥接代币地址，默认返回WETH。\n2. setBridge(address token, address bridge)：所有者设置代币的桥接代币地址。\n3. convert(address token0, address token1)：外部EOA调用，处理单个交易对的代币转换。\n4. convertMultiple(address[] token0, address[] token1)：外部EOA调用，批量处理多个交易对的转换。\n5. _convert(address token0, address token1)：内部函数，执行LP代币销毁和基础代币提取。\n6. _convertStep(address token0, address token1, uint256 amount0, uint256 amount1)：内部函数，处理多路径代币兑换逻辑。\n7. _swap(address fromToken, address toToken, uint256 amountIn, address to)：内部函数，执行Uniswap V2交易对的实际兑换操作。\n8. _toSUSHI(address token, uint256 amountIn)：内部函数，将任意代币兑换为SUSHI并发送至Bar合约。', 'Monoswap 智能合约总结：该合约是基于 ERC1155 标准实现的去中心化交易所核心合约，采用单边流动性模型并支持多种代币交易。核心功能包括流动性池管理、代币兑换、动态价格调整和手续费机制。合约通过 vCash 虚拟代币实现流动性管理，支持 ETH/WETH 交易对，并包含官方池、合成池等多种池状态管理。关键特性包含：1. 支持创建/移除流动性池 2. 实现基于价格滑点的自动做市算法 3. 可调节的交易手续费和开发者费用 4. 池状态锁定机制防止重入攻击 5. 提供多种兑换路径处理 ETH 与代币交易。\n\n函数列表：\n- initialize：初始化合约基础配置\n- setFeeTo：设置手续费接收地址\n- setFees：设置交易手续费率\n- setDevFee：设置开发者费用率\n- setPoolSizeMinLimit：设置最小池规模限制\n- setTokenInsurance：设置代币保险金额\n- setTokenStatus：设置代币锁定状态\n- updatePoolStatus：更新池状态（仅管理员）\n- updatePoolPrice：更新池价格（需冷却期）\n- updatePriceAdjuster：设置价格调节权限\n- setSynthPoolPrice：设置合成池价格\n- rebalancePool：执行池再平衡\n- addSpecialToken：创建特殊状态池\n- listNewToken：创建新代币池\n- addLiquidityPair：添加双向流动性\n- addLiquidity：添加单边流动性\n- addLiquidityETH：添加 ETH 流动性\n- removeLiquidity：移除流动性\n- removeLiquidityETH：移除 ETH 流动性\n- swapExactETHForToken：ETH 兑换代币\n- swapExactTokenForETH：代币兑换 ETH\n- swapETHForExactToken：指定数量 ETH 兑换\n- swapTokenForExactETH：指定数量代币兑换\n- swapExactTokenForToken：代币间兑换\n- swapTokenForExactToken：指定数量代币兑换\n- getPool：获取池信息\n- getAmountIn：计算输入金额\n- getAmountOut：计算输出金额\n- getConfig：获取系统配置参数', '该智能合约被命名为 IERC1155（ERC1155 标准接口），是基于 EIP-1155 标准定义的多代币管理接口合约，继承自 IERC165 接口。其主要功能为实现非同质化代币（NFT）和同质化代币（FT）的统一管理标准，支持批量转账、余额查询及操作员授权机制。合约通过事件记录代币转账、授权状态变更及元数据 URI 更新，要求实现代币接收方的安全验证回调。核心特性包括允许单次/批量转账、批量余额查询、操作员全局授权控制，并强制要求接收合约实现安全转账回调逻辑。\n\n函数列表如下：\n1. balanceOf：查询指定地址中特定代币 ID 的余额数量\n2. balanceOfBatch：批量查询多个地址对应多个代币 ID 的余额（原子性操作，全部成功或回滚）\n3. setApprovalForAll：授权或撤销某操作员对调用者所有代币的管理权限\n4. isApprovedForAll：检查指定操作员是否被授权管理某账户的全部代币\n5. safeTransferFrom：安全转账单个代币类型，需验证接收方合约的回调\n6. safeBatchTransferFrom：批量安全转账多个代币类型，需验证接收方合约的批量回调', '该智能合约是 SushiSwap 的流动性池代币（LP Token）实现，基于 ERC20 标准并扩展了离线授权功能。合约代币名称为"SushiSwap LP Token"(SLP)，提供基础代币转账、授权功能，同时通过 EIP-712 标准实现了 Permit 离线签名授权机制，允许用户通过数字签名完成代币授权操作，无需提前发送链上交易。合约包含代币铸造/销毁功能，但相关方法设为内部函数，需通过继承机制由外部合约调用，体现其作为流动性池代币的设计特性。\n\n函数列表：\n1. 构造函数：初始化代币基础信息并创建 EIP-712 域分隔符\n2. _mint（内部）：向指定地址增发代币并更新总供应量\n3. _burn（内部）：销毁指定地址的代币并减少总供应量\n4. _approve（私有）：处理代币授权逻辑并触发 Approval 事件\n5. _transfer（私有）：执行代币转账逻辑并触发 Transfer 事件\n6. approve（外部）：公开的授权接口，允许第三方操作指定数量的代币\n7. transfer（外部）：标准代币转账功能\n8. transferFrom（外部）：允许被授权方转移代币，支持无限授权优化\n9. permit（外部）：通过验证 EIP-712 签名实现离线授权，规避单独授权交易', 'COVER代币合约总结：该合约是Cover Protocol项目的ERC20代币实现，具有挖矿和迁移功能控制机制。核心功能包括代币初始分配、权限管理和分阶段释放机制。合约部署时向指定地址铸造1枚代币用于创建资金池，通过release函数实现代币正式释放（需达到设定时间戳），向金库地址铸造950枚、归属地址铸造10800枚代币。代币铸造权仅限通过认证的迁移合约和矿工合约调用，且设置黑smith合约和迁移合约地址的权限采用链式验证模式（仅当前合约可修改自身地址）。合约包含严格的时间锁和一次性释放保护，防止重复初始化。\n\n函数列表：\n1. 构造函数：初始化代币名称符号，铸造1枚代币到固定地址\n2. mint：在代币释放后，允许迁移合约或矿工合约铸造代币给指定账户\n3. setBlacksmith：由当前黑smith合约调用，更新黑smith合约地址\n4. setMigrator：由当前迁移合约调用，更新迁移合约地址\n5. release：由合约所有者单次调用，激活代币系统并执行初始分配，设置黑smith和迁移合约地址（需达到设定时间且未释放过）', 'SafeERC20 库总结：该智能合约是 OpenZeppelin 提供的 SafeERC20 安全操作库，主要用于增强 ERC20 代币操作的安全性。其核心功能是通过封装标准的 ERC20 操作（如转账、授权等），统一处理可能出现的调用失败情况，并对兼容 EIP-2612 的 ERC20Permit 代币提供许可签名验证功能。关键特性包括：1. 对所有 ERC20 操作添加返回值验证，防止忽略返回 false 的失败情况；2. 提供安全的授权额度调整方法，避免常见的前后授权竞争问题；3. 集成 permit 签名验证功能，支持免转账手续费授权操作；4. 通过低级调用实现兼容性处理，支持无返回值类型的代币合约。该库通过引入安全封装方法（如 safeTransfer、safeIncreaseAllowance 等），显著降低开发者直接调用 ERC20 接口时的潜在风险。\n\n函数列表：  \n- safeTransfer(IERC20,address,uint256)：安全转账函数，验证 ERC20 转账操作结果  \n- safeTransferFrom(IERC20,address,address,uint256)：安全跨账户转账，验证 transferFrom 结果  \n- safeApprove(IERC20,address,uint256)：授权操作（已弃用），强制要求从零地址开始授权  \n- safeIncreaseAllowance(IERC20,address,uint256)：安全增加授权额度，采用增量方式避免竞争条件  \n- safeDecreaseAllowance(IERC20,address,uint256)：安全减少授权额度，防止额度减至负数  \n- safePermit(IERC20Permit,address,address,uint256,uint256,uint8,bytes32,bytes32)：执行 EIP-2612 许可签名验证，包含 nonce 校验  \n- _callOptionalReturn(IERC20,bytes)：内部基础方法，执行低级调用并验证返回数据', 'InterestRateModel 智能合约总结：该合约是由 Rifi 开发的利率模型接口合约，主要用于定义去中心化金融市场中的借贷利率计算标准。合约通过两个核心函数抽象化利率计算逻辑，为具体利率模型实现提供接口规范。关键特性包括：1. 包含 isInterestRateModel 标识常量用于合约类型验证；2. 声明借款利率计算函数 getBorrowRate，接收市场现金总量、未偿借款和准备金作为输入参数；3. 声明供应利率计算函数 getSupplyRate，额外接收储备因子参数。该合约作为抽象接口，需要具体实现合约继承后完善实际利率计算逻辑，支持不同利率模型策略的灵活扩展，其返回值均采用 1e18 精度标准，确保计算精度满足 DeFi 应用需求。\n\n函数列表：\n1. getBorrowRate：计算每个区块的借款利率，参数为市场现金总额(cash)、未偿借款总额(borrows)、准备金总额(reserves)，返回经过 1e18 缩放后的借款利率百分比\n2. getSupplyRate：计算每个区块的存款利率，参数增加储备因子(reserveFactorMantissa)，返回经过 1e18 缩放后的存款利率百分比', '该智能合约可命名为"Swap流动性池管理合约"，主要实现多代币流动性池的创建、代币兑换及流动性管理功能。合约基于自动化做市商(AMC)机制，包含代币兑换、流动性添加/移除、资金池参数管理等核心功能，支持多代币池配置与白名单机制。关键功能包含：1）通过恒定乘积算法实现代币兑换 2）支持灵活添加/移除流动性的多种模式 3）内置手续费机制（常规费率和管理员费率）4）LP代币的铸造与销毁管理 5）提供多种资金池数据查询接口。\n\n函数列表：\ngetA：获取资金池放大系数\ngetAllowlist：读取白名单合约地址\ngetToken：根据索引获取对应代币\ngetTokenIndex：通过代币地址查询索引号\ngetTokenBalance：查询指定代币的池内余额\ngetVirtualPrice：获取LP代币的虚拟价格\nisGuarded：检查防护状态\ncalculateSwap：计算兑换预期获得量\ncalculateTokenAmount：计算添加流动性对应LP数量\ncalculateRemoveLiquidity：计算全额移除流动性所得代币\ncalculateRemoveLiquidityOneToken：计算单币种移除流动性可得数量\ninitialize：初始化资金池参数\nswap：执行代币兑换交易\naddLiquidity：添加流动性并铸造LP代币\nremoveLiquidity：移除流动性并销毁LP代币\nremoveLiquidityOneToken：单币种移除流动性\nremoveLiquidityImbalance：非对称移除流动性。', 'LibAsset 库合约总结：该智能合约是一个用于处理链上资产转账的工具库，主要功能为统一管理原生代币与 ERC20 标准代币的资产操作。合约通过 NATIVE_ASSETID 常量定义原生资产标识符（地址 0），实现了对两种类型资产的兼容处理。核心功能包含资产类型判断、余额查询、安全转账及代币授权四大模块，通过 OpenZeppelin 的 SafeERC20 库处理非常规 ERC20 代币的兼容性问题。合约特色在于采用 MAX_INT 最大授权量模式规避部分代币的授权漏洞，并通过 transferAsset 方法实现资产类型自动判断的统一转账接口，提升了多类型资产操作的安全性。\n\n函数列表：\nisNativeAsset：判断指定资产地址是否为原生代币\ngetOwnBalance：查询当前合约持有的指定资产余额\ntransferNativeAsset：执行原生代币转账至指定地址\napproveERC20：设置 ERC20 代币的第三方操作授权\ntransferERC20：向指定地址转出 ERC20 代币\ntransferFromERC20：从指定地址向目标地址转出 ERC20 代币\nincreaseERC20Allowance：增加 ERC20 代币的授权额度\ndecreaseERC20Allowance：减少 ERC20 代币的授权额度\ntransferAsset：资产类型自适应的统一转账方法', '该智能合约是一个名为 Math 的数学工具库，旨在提供 Solidity 语言中缺失的基础数学计算功能。合约包含三个核心函数：max 用于比较并返回两个数中的较大值，min 用于返回较小值，average 则通过优化计算逻辑实现安全的平均值运算（避免整数溢出问题）。所有函数均定义为 internal pure 类型，意味着它们仅支持合约内部调用且不读取/修改链上状态，适用于需要基础数学运算的智能合约场景。值得注意的是，average 函数采用分段计算（先处理除法余数再求和），有效规避了直接相加可能导致的溢出风险，体现了安全编程思想。\n\n函数列表如下：\n1. max(uint256 a, uint256 b) internal pure：返回两个数中的较大值\n2. min(uint256 a, uint256 b) internal pure：返回两个数中的较小值\n3. average(uint256 a, uint256 b) internal pure：通过防溢出算法计算两数平均值', '总结：该智能合约是一个名为Context的抽象合约，主要用于提供交易执行上下文信息。其核心功能是封装以太坊交易的基础属性，解决GSN元交易场景下发送者与实际支付者地址不一致的问题。合约通过两个关键函数安全地获取交易发送者地址和原始调用数据，避免直接访问msg.sender和msg.data的潜在风险。该合约设计为可继承的库合约，采用virtual修饰符允许子合约重写逻辑，适用于需要处理元交易的中间层合约或库模块。代码包含防止状态可变性警告的编译优化处理，整体结构简洁，属于基础设施类合约。\n\n函数列表：\n1. _msgSender()：内部视图函数，返回当前交易发送者的地址（address payable类型），直接读取msg.sender值。\n2. _msgData()：内部视图函数，返回完整的交易调用数据（bytes类型），通过msg.data获取原始交易参数。', 'MonoX 流动性池管理合约接口总结：该合约为基于 ERC1155 标准的多代币流动性池管理接口，主要功能涵盖流动性代币铸造销毁、WETH 存取、资产转移及流动性提供者管理。合约通过 ERC1155 基础功能实现多池流动性代币管理，支持 ETH 与 ERC20 代币的安全转账机制，内置 WETH 封装代币操作接口。核心特性包含流动性供应时间记录、顶级流动性持有者查询功能，并设置了白名单权限控制系统，允许通过 _isOfficial 参数区分官方流动性池，实现差异化管理策略。\n\n函数列表如下：\nmint：铸造流动性代币至指定账户\nburn：销毁账户持有的流动性代币\ntotalSupplyOf：查询指定流动性池代币总供应量\ndepositWETH：存入 WETH 代币\nwithdrawWETH：提取 WETH 代币\nsafeTransferETH：安全转账 ETH 至目标地址\nsafeTransferERC20Token：安全转账 ERC20 代币\nWETH：查询 WETH 合约地址\nliquidityLastAddedOf：查询账户最近流动性添加时间\ntopLPHolderOf：查询指定池顶级流动性持有者\nmintLp：铸造流动性代币（带官方标识参数）\nsetWhitelist：设置白名单权限状态', '该智能合约代码是 ERC20 标准的接口定义合约(IERC20)，规定了代币合约必须实现的基础函数和事件。其核心功能围绕代币的基本操作设计，包括代币总量查询、账户余额查询、代币转账、授权额度管理等功能。代码中未包含具体实现逻辑，仅通过接口形式定义了代币标准规范，其他合约可通过继承该接口来保证 ERC20 兼容性。代码中明确定义了转账和授权两个事件，为代币交易提供事件监听支持。该接口遵循 ERC20 标准要求，包含代币合约的标准函数签名和参数定义，是构建兼容性代币的基础模板。\n\n函数列表如下：\ntotalSupply()：查询代币总供应量，返回 uint256 类型数值\nbalanceOf(address)：查询指定地址的代币余额，参数为账户地址，返回 uint256\ntransfer(address,uint256)：向指定地址转账，参数为接收地址和转账金额，返回 bool 执行结果\nallowance(address,address)：查询授权额度，参数为拥有者地址和操作者地址，返回 uint256\napprove(address,uint256)：设置授权额度，参数为被授权地址和授权金额，返回 bool 执行结果\ntransferFrom(address,address,uint256)：通过授权机制转账，参数为发送地址、接收地址和转账金额，返回 bool 执行结果\n\n事件列表：\nTransfer(address,address,uint256)：代币转账时触发，记录发送方、接收方和转账金额\nApproval(address,address,uint256)：授权额度变更时触发，记录拥有者、被授权者和新授权额度', 'SafeERC20 库总结：该智能合约是一个用于安全执行 ERC20 标准代币操作的库合约，主要解决传统 ERC20 转账/授权可能因失败未回退导致的资金风险问题。其核心逻辑通过封装底层调用并强制验证返回值，确保代币操作在失败时自动回滚交易。关键实现包含三个安全层：1. 使用 functionCall 执行底层调用并验证合约存在性 2. 强制检查调用返回值长度，对非空返回数据解码验证布尔值 3. 特别处理 approve 授权操作，通过增量调整模式避免 ERC20 授权的前后不匹配问题。该库提供的主要安全操作包含代币转账、带来源的转账、授权额度调整等功能，其中针对授权操作专门设计了安全增加/减少额度函数以避免直接设置绝对值导致的风险。\n\n函数列表：\n1. safeTransfer(IERC20,address,uint256) - 安全转账操作，向指定地址转移代币\n2. safeTransferFrom(IERC20,address,address,uint256) - 安全跨地址转账，从来源地址向目标地址转移代币\n3. safeApprove(IERC20,address,uint256) - (已弃用) 设置代币授权额度，强制要求从零地址初始化或重置为零额度\n4. safeIncreaseAllowance(IERC20,address,uint256) - 安全增加授权额度，采用相对值调整模式\n5. safeDecreaseAllowance(IERC20,address,uint256) - 安全减少授权额度，带有额度不足检查防止超额减少\n6. _callOptionalReturn(IERC20,bytes) - 内部函数，执行代币合约底层调用并验证返回数据有效性', '该智能合约是一个基于SushiSwap的流动性挖矿主合约（MasterChef），用于管理用户质押LP代币并分配SUSHI代币奖励。合约核心功能包括：通过多个质押池管理不同LP代币的质押；根据区块时间和分配点数计算用户奖励；支持早期挖矿奖励倍数；允许迁移LP代币到新合约；提供紧急提款功能。合约采用Ownable权限模型，关键参数如矿池分配比例由所有者控制。奖励计算基于用户质押比例与池子累计单位奖励，每次操作自动更新收益状态，确保奖励分配的准确性。合约包含开发者地址，10%的奖励分配给开发者。函数列表如下：poolLength：查询矿池数量。add：添加新矿池。set：调整矿池分配点数。setMigrator：设置迁移合约。migrate：执行LP代币迁移。getMultiplier：计算区块奖励倍数。pendingSushi：查看待领取奖励。massUpdatePools：批量更新所有矿池奖励。updatePool：更新单个矿池奖励。deposit：质押LP代币。withdraw：提取LP代币。emergencyWithdraw：紧急提取LP代币。safeSushiTransfer：安全转账SUSHI代币。dev：修改开发者地址。', 'QBridgeToken 智能合约总结：该合约是基于 BEP20 标准构建的可升级代币合约，主要用于实现跨链桥接场景中的代币铸造和销毁功能。合约核心功能包含权限管理机制，通过维护铸币者白名单实现代币操作权限控制。合约所有者可通过 setMinter 函数动态管理具有铸币权限的地址，授权后的铸币者地址可执行代币铸造 mint 和带授权销毁 burnFrom 操作。合约继承自 BEP20Upgradeable 实现代币基础功能，并采用初始化函数 initialize 支持可升级合约模式，允许在部署后设置代币名称、符号和小数位。销毁功能采用从指定账户扣除授权额度的安全机制，通过校验用户对铸币者的授权额度防止超额燃烧代币。\n\n函数列表：\n1. initialize - 初始化函数，设置代币名称、符号和小数位\n2. setMinter - 设置/取消地址的铸币者权限（仅合约所有者可调用）\n3. mint - 向指定地址铸造代币（仅铸币者可调用）\n4. burnFrom - 从指定账户销毁代币并更新授权额度（仅铸币者可调用）\n5. isMinter - 查询指定地址是否具有铸币者权限', '该智能合约代码为WETH9（Wrapped Ether）的接口定义合约，主要定义了ERC20标准代币与以太币封装交互的规范。合约作为WETH的接口层，允许用户将以太币ETH存入合约以1:1比例兑换为WETH代币，并支持逆向赎回操作。合约遵循ERC20代币标准，包含代币转移、余额查询、总量统计等基础功能，同时扩展了ETH与WETH兑换功能。该接口定义了代币名称、符号、精度等元数据查询方法，并通过事件记录存款、提现、转账等关键操作。\n\n函数列表：\n1. deposit() - 存入ETH兑换WETH（ payable函数）\n2. withdraw(uint wad) - 销毁WETH赎回指定数量的ETH\n3. totalSupply() - 查询代币总供应量（view只读）\n4. approve(address guy, uint wad) - 授权指定地址使用代币额度\n5. transfer(address dst, uint wad) - 转移代币到目标地址\n6. transferFrom(address src, address dst, uint wad) - 从授权地址转移代币\n7. name() - 获取代币名称（view只读）\n8. symbol() - 获取代币符号（view只读）\n9. decimals() - 获取代币精度位数（view只读）\n10. balanceOf(address guy) - 查询指定地址余额（view只读）', '该智能合约是一个名为 Math 的 Solidity 数学工具库，主要用于提供基础数学运算功能。其核心功能包含两个实用函数：1. min 函数用于比较两个无符号整数并返回较小值，通过三元运算符实现简洁判断逻辑；2. sqrt 函数实现巴比伦迭代算法计算平方根，特别优化了大于3的数值计算场景，通过循环迭代逼近精确值，处理了边界值情况（当输入为0时返回0，1-3时返回1）。整个库被声明为 internal pure 函数，表明其设计用于合约内部调用且不修改链上状态，适用于需要数学计算的合约模块化调用场景。函数列表：1. min(uint x, uint y)：比较两个无符号整数，返回较小的值。2. sqrt(uint y)：使用巴比伦方法计算输入参数的平方根，适用于较大的数值计算。', 'ModelInterface 智能合约总结：该合约是一个资金管理模型接口，定义了标准化资金投资与提现机制。核心功能包括查询资金余额、执行投资策略、控制资金流向三大部分。合约通过事件机制记录资金操作日志，要求提现操作必须通过 Forge 合约权限验证，确保资金操作安全性。主要特点体现在：1. 提供实时资金状态查询（已投资/总余额）；2. 强制投资策略执行入口；3. 分级提现控制（全额/指定金额/指定地址）；4. 权限隔离机制（OnlyForge 修饰符）。该接口为具体资金管理模型的实现提供了标准化规范，适用于需要资金托管与策略投资的 DeFi 应用场景。\n\n函数列表：\n1. underlyingBalanceInModel()：查询模型内未投资资金余额\n2. underlyingBalanceWithInvestment()：查询总投资余额（含已投资部分）\n3. invest()：执行投资策略，将未投资资金转入投资\n4. withdrawAllToForge()：全额提现至 Forge 合约\n5. withdrawToForge(uint256)：指定金额提现至 Forge 合约\n6. withdrawTo(uint256, address)：指定金额提现至目标地址', '总结：该智能合约代码定义了一个名为 ITransmuter 的接口，主要功能是声明代币分配机制。合约仅包含一个核心函数 distribute，用于实现某种形式的代币分发逻辑，但接口本身不包含具体实现。该接口可能被其他合约继承调用，实际业务逻辑需在实现合约中完成。关键点在于通过地址参数 origin 和数量参数 amount 构建分发机制，具体分配策略需参考实现该接口的合约代码。\n\n函数列表：\n1. distribute(address origin, uint256 amount) external：声明代币分发功能的外部接口函数，具体实现需在继承合约中完成，参数包含发起地址和分配数量。', 'Math库智能合约总结：该合约是一个提供数学运算功能的工具库，主要包含两个核心函数。min()函数实现基础数值比较功能，用于获取两个无符号整数中的较小值。sqrt()函数采用巴比伦迭代法计算平方根，该算法通过循环迭代逼近实现高效开方运算，特别针对输入值>3的情况进行优化处理，当输入值为0时返回0，其他小于等于3的数值返回1。该库合约采用Solidity 0.5.16版本编写，所有函数均为internal可见性且标记为pure，确保无状态修改且只能在合约内部调用，适用于需要基础数学运算的智能合约进行功能扩展。函数列表：1. min(uint x, uint y)：比较并返回两个无符号整数中的较小值。2. sqrt(uint y)：采用巴比伦迭代法计算输入值的平方根整数部分。', '该智能合约是一个名为 Decimal 的库合约，用于实现 18 位精度的定点数运算。其主要功能是通过结构体 D256 封装数值，并提供一系列数学运算方法，支持加减乘除、幂运算、比较操作及类型转换。合约依赖 OpenZeppelin 的 SafeMath 库确保运算安全，避免溢出问题。核心逻辑围绕定点数的精度处理展开，例如将普通整数转换为定点数时自动乘以 10^18，除法运算通过预先放大数值保证精度。该库适用于需要高精度小数计算的场景，如金融利率计算或复杂数学建模。\n\n函数列表如下：\n- zero()：返回值为0的D256实例\n- one()：返回值为1的D256实例（实际存储为10^18）\n- from(uint256)：将普通整数转换为定点数\n- ratio(uint256,uint256)：计算两个数的比例值并转换为定点数\n- add()：实现定点数与普通整数/定点数的加法重载函数\n- sub()：实现定点数与普通整数/定点数的减法重载函数（包含带错误提示版本）\n- mul()：实现定点数与普通整数/定点数的乘法重载函数\n- div()：实现定点数与普通整数/定点数的除法重载函数\n- pow()：计算定点数的整数次幂\n- equals()：判断两个定点数是否相等\n- greaterThan()/lessThan()：实现大小比较功能\n- greaterThanOrEqualTo()/lessThanOrEqualTo()：实现复合条件比较\n- isZero()：判断数值是否为0\n- asUint256()：将定点数转换回普通整数（舍弃小数部分）\n- getPartial()：内部核心方法处理分数乘法运算\n- compareTo()：内部方法实现三态比较逻辑', '该智能合约是一个名为 Address 的 Solidity 库，提供与地址类型相关的实用功能，主要用于安全地进行以太坊地址操作和合约调用。核心功能包括检测地址类型、替代原生转账功能，以及封装底层调用操作。关键点包括：(1) 通过检查 extcodesize 判断地址是否为合约，但需注意构造中和销毁合约的特殊情况；(2) 用 sendValue 代替原生 transfer 以突破 2300 gas 限制；(3) 提供 functionCall、functionCallWithValue、functionStaticCall、functionDelegateCall 四种安全调用方法，均包含错误处理和合约存在验证；(4) 内部通过 _verifyCallResult 统一处理调用结果，自动解析 revert 信息。该库通过封装底层调用逻辑，增强了对重入攻击等安全隐患的防护能力，同时优化了错误处理机制。函数列表如下：isContract：检查地址是否为合约账户。sendValue：向指定地址发送以太币。functionCall：执行底层调用并处理错误。functionCall：带自定义错误信息的底层调用。functionCallWithValue：附带以太币转账的合约调用。functionCallWithValue：带错误信息的转账调用。functionStaticCall：执行静态调用。functionStaticCall：带错误信息的静态调用。functionDelegateCall：执行委托调用。functionDelegateCall：带错误信息的委托调用。_verifyCallResult：内部函数，验证调用结果并处理错误。', 'UraniumFactory接口合约总结：该智能合约是一个工厂合约接口，定义了去中心化交易所中代币交易对创建及费用管理的核心功能。合约主要用于创建和管理流动性交易对，包含费用地址设置、交易对查询、动态费用参数控制等机制。通过createPair函数可创建新的代币交易对，同时维护所有已创建交易对的列表。合约包含管理员权限体系，通过feeToSetter和owner进行协议参数控制，支持动态调整手续费接收地址和权限转移功能。该接口遵循类似Uniswap V2的工厂合约模式，但增加了feeAmount费用比例参数，表明可能采用动态手续费机制。\n\n函数列表：\n1. feeTo()：查询手续费接收地址\n2. feeToSetter()：查询手续费设置权限地址\n3. feeAmount()：查询当前交易手续费比例\n4. owner()：查询合约所有者地址\n5. getPair()：根据代币地址查询已存在的交易对\n6. allPairs()：通过索引获取已创建交易对地址\n7. allPairsLength()：获取已创建交易对总数\n8. createPair()：创建新的代币交易对\n9. setFeeTo()：设置新的手续费接收地址\n10. setFeeToSetter()：转移手续费设置权限', 'Math库智能合约是一个提供数学运算功能的工具库，主要用于处理无符号整数的基本运算。合约包含两个核心函数：min函数用于比较两个数值并返回较小值，通过三元运算符直接实现；sqrt函数采用巴比伦方法（牛顿迭代法）计算平方根，通过循环迭代逼近精确结果，并针对小数值（y≤3）进行条件优化处理。该库所有函数均为pure类型且内部可见，不涉及状态变量操作，适用于其他合约的数学计算辅助工具。代码特点包括高效迭代算法设计、分支条件优化处理以及纯函数特性。  \n\n函数列表：  \n1. min(uint x, uint y) internal pure：返回两个无符号整数中的较小值  \n2. sqrt(uint y) internal pure：通过巴比伦迭代法计算无符号整数的平方根', '该智能合约是Uniswap V2的去中心化交易所核心工厂合约，主要用于创建和管理代币交易对。合约通过映射关系存储代币对的流动性池地址，并维护所有已创建交易对的列表。核心功能包括创建新的代币交易对、设置协议手续费接收地址、管理迁移合约以及权限控制。合约采用create2操作码部署交易对合约，确保同一代币对生成的合约地址唯一。权限系统通过feeToSetter地址进行集中控制，该地址拥有设置手续费接收账户、迁移合约和管理自身权限转移的能力。合约包含以下函数列表：1. 构造函数：初始化设置权限地址feeToSetter；2. allPairsLength：返回已创建交易对总数；3. pairCodeHash：获取交易对合约的字节码哈希；4. createPair：创建新的代币交易对；5. setFeeTo：设置手续费接收地址（仅限feeToSetter调用）；6. setMigrator：设置迁移合约地址（仅限feeToSetter调用）；7. setFeeToSetter：转移设置权限（仅限当前feeToSetter调用）。', '该智能合约是一个用于高效计算指数激励奖励的库合约，主要功能是通过二项式展开算法避免大数运算溢出问题，实现形如k*(1+1/q)^N的指数表达式近似计算。其核心逻辑是通过预计算迭代次数p优化循环边界，并在循环中累加二项式展开项来逼近指数结果。log_two函数采用汇编代码实现高效的二进制对数计算，为迭代次数提供基础参数。该库针对Gas效率进行深度优化，适用于需要处理复利模型且数值较大的DeFi激励场景。函数列表如下：1. fracExp函数：通过二项式展开算法估算指数激励数值，接收本金k、基数q、指数n、超额迭代系数x作为参数，返回计算结果s。2. log_two函数：使用汇编实现的二进制对数计算函数，通过位操作和预置查找表快速计算log2(x)，为fracExp提供迭代次数计算支持。', '该智能合约是 Uniswap V2 路由器的扩展接口合约，主要用于支持转账时带有手续费代币的交易场景。合约继承自 IUniswapV2Router01 并新增了五个关键函数，核心功能围绕流动性移除和代币兑换操作进行优化，允许用户在执行交易时自动处理转账扣费代币的余额计算问题。其中移除流动性函数支持直接返还 ETH，并提供带数字签名授权（Permit）的版本以简化用户操作流程。swap 系列函数均支持精确输入金额的交易模式，并适配转账扣费机制，覆盖代币与代币、ETH 与代币之间的兑换场景。\n\n函数列表：\n1. removeLiquidityETHSupportingFeeOnTransferTokens：移除流动性并返还 ETH，支持转账扣费代币\n2. removeLiquidityETHWithPermitSupportingFeeOnTransferTokens：通过签名授权移除流动性并返 ETH，支持扣费代币\n3. swapExactTokensForTokensSupportingFeeOnTransferTokens：精确输入代币兑换代币，支持扣费代币\n4. swapExactETHForTokensSupportingFeeOnTransferTokens：精确输入 ETH 兑换代币，支持扣费代币\n5. swapExactTokensForETHSupportingFeeOnTransferTokens：精确输入代币兑换 ETH，支持扣费代币\n\n（注意：继承自 IUniswapV2Router01 的父接口函数未在本列表重复列出）', 'SafeMath 安全数学运算库 该智能合约是一个用于防止算术运算溢出/下溢的安全数学库，提供加法、减法、乘法的安全计算方法。核心功能是通过require语句验证运算结果的有效性，当发生数值溢出时会回滚交易并返回特定错误信息，保障智能合约中数值计算的可靠性。所有函数均为internal级别可见性和pure状态修饰符，仅支持库内部或继承合约调用。add函数执行加法时验证结果不小于被加数，sub函数执行减法时验证结果不大于被减数，mul函数通过逆向除法验证乘法结果有效性。该库代码源自DappHub的ds-math项目，主要用于DeFi类合约中需要精确数值计算的场景。\n\n函数列表：\n1. add(uint x, uint y) - 安全加法运算，检查加法溢出\n2. sub(uint x, uint y) - 安全减法运算，检查减法下溢\n3. mul(uint x, uint y) - 安全乘法运算，检查乘法溢出', 'CarefulMath 安全数学运算合约总结：该智能合约是基于 OpenZeppelin 的 SafeMath 库改进的安全数学运算模块，主要用于防止算术运算中的常见错误。合约通过枚举类型定义四种数学错误类型（除零错误、整数溢出/下溢），提供安全的加减乘除运算方法。所有函数均采用错误码返回机制替代直接交易回滚，在执行算术运算时会主动检测边界条件，当检测到溢出、下溢或除零操作时返回对应错误码而非中断交易，这种设计为上层调用合约提供了灵活的错误处理空间。合约包含基础四则运算及组合运算，所有函数均为 pure 类型且仅内部可见，确保模块安全性和低 gas 消耗特性。\n\n函数列表：\n1. mulUInt - 安全乘法运算，检测整数溢出\n2. divUInt - 安全除法运算，检测除零错误\n3. subUInt - 安全减法运算，检测整数下溢\n4. addUInt - 安全加法运算，检测整数溢出\n5. addThenSubUInt - 组合运算，先执行加法再执行减法并检测错误链式传递', 'SafeMath 智能合约总结：该合约是名为 SafeMath 的安全数学运算库，主要用于解决 Solidity 0.8 之前版本无算术溢出检查的问题。其核心功能是通过封装加减乘除和取模运算，提供两种类型的错误处理机制：1）返回布尔状态标志的 tryXXX 系列函数，2）直接触发异常回滚的标准运算函数。该库特别标注适用于 Solidity 0.8 及更高版本，主要作为旧版本项目的兼容方案，因为新版编译器已原生支持溢出检查。关键特性包含带错误信息的重载函数、防止除零异常机制，以及通过 unchecked 代码块实现 Gas 优化的运算处理。\n\n函数列表：\n- tryAdd：安全加法运算，返回成功状态和结果\n- trySub：安全减法运算，返回成功状态和结果\n- tryMul：安全乘法运算，返回成功状态和结果\n- tryDiv：安全除法运算，返回成功状态和结果\n- tryMod：安全取模运算，返回成功状态和结果\n- add：直接执行加法，溢出时回滚\n- sub：直接执行减法，结果为负时回滚\n- mul：直接执行乘法，溢出时回滚\n- div：直接执行除法，除零时回滚\n- mod：直接执行取模，除零时回滚\n- sub(uint256,uint256,string)：带自定义错误信息的减法重载\n- div(uint256,uint256,string)：带自定义错误信息的除法重载\n- mod(uint256,uint256,string)：带自定义错误信息的取模重载', '该智能合约是一个名为 Address 的工具库，主要用于安全地进行地址相关操作和底层调用处理。核心功能包括检测地址类型、替代原生转账方法、执行安全的合约调用等功能。合约通过封装低级调用逻辑并提供安全检查，有效规避常见风险如转账失败、重入攻击等。关键点包括：1. 使用 extcodesize 检测合约地址（注意构造中合约返回 false 的特性）2. 用 call 替代 transfer 突破 2300 gas 限制 3. 提供带错误处理的链式调用方法 4. 实现静态调用和安全验证机制。该库函数普遍采用 require 进行前置条件检查，并通过内联汇编处理错误数据返回，增强了合约调用的安全性和可靠性。\n\n函数列表如下：\nisContract：检测地址是否为合约地址\nsendValue：向指定地址发送 ETH 代币（替代 transfer）\nfunctionCall：执行低级合约调用（带默认错误提示）\nfunctionCall：执行低级合约调用（自定义错误提示）\nfunctionCallWithValue：附带 ETH 转账的合约调用（带默认错误提示）\nfunctionCallWithValue：附带 ETH 转账的合约调用（自定义错误提示）\nfunctionStaticCall：执行静态合约调用（带默认错误提示）\nfunctionStaticCall：执行静态合约调用（自定义错误提示）\n_verifyCallResult：内部函数，验证调用结果并处理错误信息', 'AnyswapFacet 智能合约总结：该合约是一个基于 LiFi 协议的跨链桥接模块，专门集成 Anyswap 协议实现多链资产转移功能。合约支持两种主要操作模式：1) 直接桥接用户资产到目标链；2) 先执行资产兑换再完成跨链桥接。核心逻辑通过 Anyswap 路由合约实现资产跨链，同时结合 LibSwap 库处理链上兑换操作。合约严格校验转账金额与链 ID，采用底层代币处理机制确保 Anyswap 兼容性，并通过事件日志记录完整的跨链交易信息。主要特征包括原生代币/ERC20 双模式支持、多步兑换组合操作、安全余额验证机制以及防止同链转账校验。\n\n函数列表：\n1. startBridgeTokensViaAnyswap：直接桥接资产函数，处理用户资产转移后调用 Anyswap 跨链，支持 ERC20 代币和原生代币两种模式。\n2. swapAndStartBridgeTokensViaAnyswap：先兑换后桥接组合函数，允许在执行多步资产兑换操作后自动进行跨链转账。\n3. _startBridge：内部桥接执行函数，包含 Anyswap 路由调用逻辑，处理 ERC20 代币授权及原生代币跨链转账。\n4. 继承自 ILiFi 接口的 LiFiTransferStarted 事件：记录跨链交易开始时的核心参数，包括交易 ID、资产信息、接收方地址等。', 'vVISR 代币合约是基于 ERC20 标准的增强型代币合约，融合了 ERC20Permit（支持离线签名授权）和 ERC20Snapshot（代币快照）功能。该合约通过权限控制实现中心化管理，仅合约所有者可执行核心操作。合约特点包括：1. 代币基础功能支持铸造/销毁；2. 集成代币持有量快照功能；3. 实现所有权可转移机制；4. 兼容 ERC20 扩展标准。合约通过继承 OpenZeppelin 标准合约实现行业规范，并通过 onlyOwner 修饰器确保关键操作的安全性。\n\n函数列表：\n1. constructor：初始化代币名称、符号和小数位，设定初始所有者\n2. mint：所有者给指定地址铸造代币\n3. burn：所有者销毁指定地址的代币\n4. snapshot：所有者创建代币余额快照\n5. transferOwnership：所有者转移合约控制权\n6. _beforeTokenTransfer：内部钩子函数，在转账前触发快照机制\n7. owner：状态变量获取当前所有者地址\n8. 继承自 ERC20 的标准函数：transfer/approve 等基础 ERC20 功能未显式定义但可用', '该智能合约是一个名为BoringERC20的工具库，旨在增强与ERC20代币交互的安全性，通过封装底层调用并添加错误处理机制来防止常见问题。其核心功能包括安全获取代币信息（符号、名称、小数位数）以及执行安全的转账操作。关键点在于处理外部调用失败时提供默认返回值或触发交易回滚，例如在查询代币符号时返回"???"替代错误，转账失败时抛出明确错误信息。该库不依赖具体代币实现，而是通过低级调用动态适配不同ERC20合约，适用于需要兼容多种代币的场景。\n\n函数列表如下：\n1. safeSymbol：内部视图函数，安全查询代币符号，失败返回"???"\n2. safeName：内部视图函数，安全查询代币名称，失败返回"???"\n3. safeDecimals：公开视图函数，安全查询代币小数位，失败默认返回18\n4. safeTransfer：内部函数，执行代币转账并验证结果，失败回滚交易\n5. safeTransferFrom：内部函数，执行代币授权转账并验证结果，失败回滚交易', '该智能合约命名为IERC1155Receiver合约，是一个符合ERC-1155标准的接收器接口合约，主要用于处理ERC1155代币的接收验证逻辑。合约继承自IERC165接口，通过定义两个核心回调函数实现代币转账的合规性检查。当外部合约通过safeTransferFrom或safeBatchTransferFrom方法进行代币转账时，目标合约必须实现这些回调函数并返回指定魔法值，才能完成转账操作。合约通过强制返回固定函数选择器的机制，确保接收方合约已正确实现代币接收逻辑。\n\n函数列表如下：\n1. onERC1155Received函数：处理单个ERC1155代币类型的接收回调。参数包括操作者地址、发送方地址、代币ID、转账数量及附加数据。必须返回0xf23a6e61表示接受转账。\n2. onERC1155BatchReceived函数：处理多个ERC1155代币类型的批量接收回调。参数包含操作者地址、发送方地址、代币ID数组、数量数组及附加数据。必须返回0xbc197c81表示接受批量转账。', 'MathUtils 库智能合约总结：该合约是一个数学工具库，主要用于配合 SafeMath 处理 uint256 数值的差值计算。核心功能包含两个数学计算方法：1. 通过 difference() 函数计算两个数值的绝对差值，自动处理大小顺序确保结果非负；2. 通过 within1() 函数判断两个数值差值是否小于等于 1，用于需要微小差异容忍的场景。该库函数均为 internal pure 类型，适用于合约内部数学运算的辅助计算，特别适用于需要规避数值比较中微小计算误差的智能合约场景。\n\n函数列表：\n1. within1(uint256 a, uint256 b) - 检查两个数值差值是否小于等于1，返回布尔值\n2. difference(uint256 a, uint256 b) - 计算两个数值的绝对差值，返回无符号整型结果', 'Math库智能合约总结：该智能合约实现了一个数学工具库，提供基础数值计算的安全运算方法。主要包含四个数学函数，重点解决Solidity原生运算中的溢出问题和非常规计算需求。合约通过分解运算步骤避免整数溢出风险，其中平均值计算采用分步加法减少大数相加风险，向上取整除法通过余数判断实现非精确结果的进位处理。所有函数设计为pure类型且不涉及状态变量操作，适用于其他合约进行数学计算的辅助调用。\n\n函数列表：\n1. max(uint256 a, uint256 b)：返回两个输入参数中的较大值\n2. min(uint256 a, uint256 b)：返回两个输入参数中的较小值\n3. average(uint256 a, uint256 b)：采用防溢出方式计算两数平均值\n4. ceilDiv(uint256 a, uint256 b)：实现向上取整的除法运算（例如5/2=3）', 'MonoXLibrary 智能合约总结：该智能合约是一个名为 MonoXLibrary 的工具库，主要用于处理虚拟现金（vcash）余额计算及以太币安全转账功能。合约包含三个核心功能模块：(1) safeTransferETH 函数实现安全的 ETH 转账，采用底层调用方式并验证转账结果，确保资金转移可靠性；(2) vcashBalanceAdd 函数处理 vcash 信用与债务的平衡增加逻辑，根据现有债务情况智能分配增量到信用或债务；(3) vcashBalanceSub 函数执行 vcash 余额的扣减操作，优先扣除信用余额并在不足时转换为债务。该库通过 SafeMath 实现安全的数学运算，重点服务于需要管理双账户（信用账户与债务账户）余额变化的 DeFi 场景，典型应用于需要同时处理用户信用和债务平衡的金融协议。\n\n函数列表：\n1. safeTransferETH(address to, uint256 value) - 向指定地址安全转账 ETH，验证转账结果有效性\n2. vcashBalanceAdd(uint256 _credit, uint256 _debt, uint256 delta) - 增加 vcash 余额，根据当前债务情况智能分配信用/债务额度\n3. vcashBalanceSub(uint256 _credit, uint256 _debt, uint256 delta) - 减少 vcash 余额，优先扣除信用额度并在不足时增加债务']], 'uris': None, 'data': None, 'included': ['distances', 'documents']}
------------------------------------------------
重排序结果：
['SushiSwap.sol-SushiMaker.sol', 'SushiSwap.sol-MasterChef.sol', 'SushiSwap.sol-IUniswapV2Router02.sol', 'SushiSwap.sol-UniswapV2Factory.sol', 'SushiSwap.sol-UniswapV2ERC20.sol', 'SushiSwap.sol-IERC20.sol', 'SushiSwap.sol-BoringERC20.sol', 'SushiSwap.sol-Address.sol', 'SushiSwap.sol-Math.sol', 'MonoX.sol-Monoswap.sol', 'MonoX.sol-IERC1155.sol', 'MonoX.sol-IMonoXPool.sol', 'MonoX.sol-IERC1155Receiver.sol', 'MonoX.sol-MonoXLibrary.sol', 'Li.Fi.sol-SafeERC20.sol', 'Li.Fi.sol-LibAsset.sol', 'Li.Fi.sol-AnyswapFacet.sol', 'Alchemix.sol-IWETH9.sol', 'Alchemix.sol-Address.sol', 'Alchemix.sol-Math.sol']

--- 异常信息 ---
Traceback (most recent call last):
  File "D:\anaconda3\envs\pytorch\Lib\site-packages\chromadb\api\base_http_client.py", line 99, in _raise_chroma_error
    resp.raise_for_status()
  File "D:\anaconda3\envs\pytorch\Lib\site-packages\httpx\_models.py", line 829, in raise_for_status
    raise HTTPStatusError(message, request=request, response=self)
httpx.HTTPStatusError: Server error '502 Bad Gateway' for url 'http://47.102.102.136:8000/api/v2/tenants/default_tenant/databases/default_database/collections/1c8d42f4-e242-4413-844d-4bc35cfec2dc/get'
For more information check: https://developer.mozilla.org/en-US/docs/Web/HTTP/Status/502

During handling of the above exception, another exception occurred:

Traceback (most recent call last):
  File "D:\python\PycharmCodes\RAG\online_search.py", line 175, in <module>
    searcher.process(fault_hash, faultless_hash, file)
  File "D:\python\PycharmCodes\RAG\online_search.py", line 123, in process
    function_list = function_collection.get(
                    ^^^^^^^^^^^^^^^^^^^^^^^^
  File "D:\anaconda3\envs\pytorch\Lib\site-packages\chromadb\api\models\Collection.py", line 133, in get
    get_results = self._client._get(
                  ^^^^^^^^^^^^^^^^^^
  File "D:\anaconda3\envs\pytorch\Lib\site-packages\chromadb\telemetry\opentelemetry\__init__.py", line 150, in wrapper
    return f(*args, **kwargs)
           ^^^^^^^^^^^^^^^^^^
  File "D:\anaconda3\envs\pytorch\Lib\site-packages\chromadb\api\fastapi.py", line 374, in _get
    resp_json = self._make_request(
                ^^^^^^^^^^^^^^^^^^^
  File "D:\anaconda3\envs\pytorch\Lib\site-packages\chromadb\api\fastapi.py", line 90, in _make_request
    BaseHTTPClient._raise_chroma_error(response)
  File "D:\anaconda3\envs\pytorch\Lib\site-packages\chromadb\api\base_http_client.py", line 104, in _raise_chroma_error
    raise (Exception(resp.text))
Exception
